<?xml version="1.0" encoding="UTF-8"?>
<!-- Generated by org.testng.reporters.JUnitReportReporter -->
<testsuite hostname="DESKTOP-99P843S" failures="0" tests="1" name="com.Confiance_Test_Script.OTP_SIGN_UP" time="22.242" errors="0" timestamp="2024-05-08T15:16:07 IST" skipped="0">
  <testcase classname="com.Confiance_Test_Script.OTP_SIGN_UP" name="Sign_Up_Process" time="22.242"/>
</testsuite> <!-- com.Confiance_Test_Script.OTP_SIGN_UP -->
